<?xml version="1.0" encoding="UTF-8"?>
<!-- Generated by org.testng.reporters.JUnitReportReporter -->
<testsuite hostname="LAPTOP-S4TC4KCE" failures="0" tests="1" name="PageFactory.PageFactoryTest" time="0.435" errors="0" timestamp="2024-09-05T11:36:29 IST" skipped="0">
  <testcase classname="PageFactory.PageFactoryTest" name="TestPageFactory" time="0.435"/>
</testsuite> <!-- PageFactory.PageFactoryTest -->
