<?xml version="1.0" encoding="UTF-8"?>
<!-- Generated by org.testng.reporters.JUnitReportReporter -->
<testsuite hostname="LAPTOP-S4TC4KCE" failures="0" tests="1" name="TestNGTests.ScreenerTest" time="3.888" errors="0" timestamp="2024-08-27T14:14:02 IST" skipped="0">
  <testcase classname="TestNGTests.ScreenerTest" name="LoginTest" time="3.888"/>
</testsuite> <!-- TestNGTests.ScreenerTest -->
