<?xml version="1.0" encoding="UTF-8"?>
<!-- Generated by org.testng.reporters.JUnitReportReporter -->
<testsuite hostname="LAPTOP-S4TC4KCE" failures="0" tests="1" name="SeleniumPackage.TestNgClass" time="1.333" errors="0" timestamp="2024-08-27T14:14:02 IST" skipped="0">
  <testcase classname="SeleniumPackage.TestNgClass" name="MainTest" time="1.333"/>
</testsuite> <!-- SeleniumPackage.TestNgClass -->
