<?xml version="1.0" encoding="UTF-8"?>
<!-- Generated by org.testng.reporters.JUnitReportReporter -->
<testsuite hostname="LAPTOP-S4TC4KCE" failures="0" tests="1" name="ExtentReports.ExtentReportsTest" time="0.023" errors="0" timestamp="2025-04-10T23:03:00 IST" skipped="0">
  <testcase classname="ExtentReports.ExtentReportsTest" name="LoginTests" time="0.023"/>
</testsuite> <!-- ExtentReports.ExtentReportsTest -->
