<?xml version="1.0" encoding="UTF-8"?>
<!-- Generated by org.testng.reporters.JUnitReportReporter -->
<testsuite hostname="LAPTOP-S4TC4KCE" failures="0" tests="1" name="ScreenShotTest.LoginTest" time="5.011" errors="0" timestamp="2025-04-11T18:28:45 IST" skipped="0">
  <testcase classname="ScreenShotTest.LoginTest" name="LoginTests" time="5.011"/>
</testsuite> <!-- ScreenShotTest.LoginTest -->
