<?xml version="1.0" encoding="UTF-8"?>
<!-- Generated by org.testng.reporters.JUnitReportReporter -->
<testsuite hostname="LAPTOP-S4TC4KCE" failures="0" tests="3" name="TestPackage.Addbook" time="3.617" errors="0" timestamp="2025-01-08T12:29:58 IST" skipped="0">
  <testcase classname="TestPackage.Addbook" name="AddBookToLib" time="1.149"/>
  <testcase classname="TestPackage.Addbook" name="AddBookToLib" time="2.314"/>
  <testcase classname="TestPackage.Addbook" name="AddBookToLib" time="0.154"/>
</testsuite> <!-- TestPackage.Addbook -->
