<?xml version="1.0" encoding="UTF-8"?>
<!-- Generated by org.testng.reporters.JUnitReportReporter -->
<testsuite hostname="LAPTOP-S4TC4KCE" failures="0" tests="1" name="LibraryBooks.AddBook" time="1.760" errors="0" timestamp="2025-01-05T18:56:47 IST" skipped="0">
  <testcase classname="LibraryBooks.AddBook" name="AddBookToLib" time="1.760"/>
</testsuite> <!-- LibraryBooks.AddBook -->
